SOCKET 172 0.0615289
SOCKET 670 0.0687712
SOCKET 97 0.0256312
SOCKET 544 0.0632597
SOCKET 638 0.0657599
SOCKET 525 0.0329315
SOCKET 904 0.0547131
SOCKET 391 0.0268896
SOCKET 250 0.0277292
SOCKET 446 0.0325768
SOCKET 1011 0.0630329
SOCKET 613 0.0387981
SOCKET 525 0.0360261
SOCKET 242 0.0318201
SOCKET 509 0.030399
SOCKET 544 0.0365876
SOCKET 748 0.0596155
SOCKET 207 0.0274968
SOCKET 884 0.0483836
SOCKET 58 0.0252452
SOCKET 949 0.0548672
SOCKET 740 0.0470459
SOCKET 531 0.039268
SOCKET 30 0.0249311
SOCKET 168 0.0228374
SOCKET 129 0.0263712
SOCKET 935 0.059328
SOCKET 886 0.0531838
SOCKET 684 0.0385818
SOCKET 34 0.0247108
SOCKET 666 0.0387426
SOCKET 778 0.0463231
SOCKET 618 0.0390241
SOCKET 188 0.0219924
SOCKET 155 0.0266586
SOCKET 659 0.0395533
SOCKET 203 0.0277544
SOCKET 110 0.0262254
SOCKET 259 0.0253066
SOCKET 82 0.0252833
SOCKET 415 0.0312283
SOCKET 459 0.0288953
SOCKET 781 0.0475315
SOCKET 802 0.0454732
SOCKET 148 0.0270753
SOCKET 127 0.0261995
SOCKET 906 0.0546887
SOCKET 327 0.0288442
SOCKET 712 0.054836
SOCKET 107 0.0249743
SOCKET 53 0.02532
SOCKET 105 0.0238818
SOCKET 875 0.0536424
SOCKET 953 0.05853
SOCKET 974 0.0587433
SOCKET 221 0.0265421
SOCKET 919 0.0550639
SOCKET 976 0.0564494
SOCKET 830 0.0521391
SOCKET 825 0.0507332
SOCKET 442 0.0320139
SOCKET 986 0.0574417
SOCKET 253 0.0284584
SOCKET 533 0.0316435
SOCKET 502 0.0298748
SOCKET 516 0.0357293
SOCKET 132 0.0257366
SOCKET 642 0.0384471
SOCKET 750 0.046764
SOCKET 737 0.0425358
SOCKET 782 0.0527228
SOCKET 111 0.0267004
SOCKET 778 0.0444338
SOCKET 187 0.0271772
SOCKET 759 0.0503023
SOCKET 446 0.031968
SOCKET 175 0.028497
SOCKET 865 0.0465381
SOCKET 4 0.0245546
SOCKET 242 0.0292588
SOCKET 519 0.0311732
SOCKET 453 0.0297797
SOCKET 539 0.0356096
SOCKET 829 0.0489394
SOCKET 94 0.0262059
SOCKET 210 0.0272537
SOCKET 716 0.042026
SOCKET 517 0.0316115
SOCKET 873 0.0513979
SOCKET 76 0.0254365
SOCKET 130 0.0246344
SOCKET 275 0.0252142
SOCKET 452 0.0286707
SOCKET 860 0.049512
SOCKET 995 0.060075
SOCKET 726 0.0455231
SOCKET 584 0.0338893
SOCKET 366 0.0264878
SOCKET 36 0.025161
SOCKET 184 0.0236976
